::1 - - [14/Sep/2024:15:53:53 +0000] "GET / HTTP/1.1" 200 - "-" "Mozilla/5.0 QGIS/33200/Windows 10 Version 2009"
::1 - - [14/Sep/2024:15:53:54 +0000] "GET /collections HTTP/1.1" 200 - "-" "Mozilla/5.0 QGIS/33200/Windows 10 Version 2009"
::1 - - [14/Sep/2024:15:53:56 +0000] "GET / HTTP/1.1" 200 - "-" "Mozilla/5.0 QGIS/33200/Windows 10 Version 2009"
::1 - - [14/Sep/2024:15:53:56 +0000] "GET /api HTTP/1.1" 200 - "-" "Mozilla/5.0 QGIS/33200/Windows 10 Version 2009"
::1 - - [14/Sep/2024:15:53:57 +0000] "GET /collections/points HTTP/1.1" 200 - "-" "Mozilla/5.0 QGIS/33200/Windows 10 Version 2009"
::1 - - [14/Sep/2024:15:53:57 +0000] "GET /conformance HTTP/1.1" 200 - "-" "Mozilla/5.0 QGIS/33200/Windows 10 Version 2009"
::1 - - [14/Sep/2024:15:53:57 +0000] "GET /collections/points/items?limit=10 HTTP/1.1" 200 - "-" "Mozilla/5.0 QGIS/33200/Windows 10 Version 2009"
::1 - - [14/Sep/2024:15:53:58 +0000] "GET /collections/points/items?limit=100&bbox=37.14127931946403294,-0.26471250000000313,37.45872068053596848,-0.03528749999999692 HTTP/1.1" 200 - "-" "Mozilla/5.0 QGIS/33200/Windows 10 Version 2009"
::1 - - [14/Sep/2024:15:53:58 +0000] "GET /collections/points/items?limit=100&bbox=37.14127931946403294%2C-0.26471250000000313%2C37.45872068053596848%2C-0.03528749999999692&offset=NaN HTTP/1.1" 400 - "-" "Mozilla/5.0 QGIS/33200/Windows 10 Version 2009"
::1 - - [14/Sep/2024:15:56:28 +0000] "GET / HTTP/1.1" 200 - "-" "Mozilla/5.0 QGIS/33200/Windows 10 Version 2009"
::1 - - [14/Sep/2024:15:56:28 +0000] "GET /api HTTP/1.1" 200 - "-" "Mozilla/5.0 QGIS/33200/Windows 10 Version 2009"
::1 - - [14/Sep/2024:15:56:29 +0000] "GET /collections/points HTTP/1.1" 200 - "-" "Mozilla/5.0 QGIS/33200/Windows 10 Version 2009"
::1 - - [14/Sep/2024:15:56:29 +0000] "GET /conformance HTTP/1.1" 200 - "-" "Mozilla/5.0 QGIS/33200/Windows 10 Version 2009"
::1 - - [14/Sep/2024:15:56:29 +0000] "GET /collections/points/items?limit=10 HTTP/1.1" 200 - "-" "Mozilla/5.0 QGIS/33200/Windows 10 Version 2009"
::1 - - [14/Sep/2024:15:56:31 +0000] "GET /collections/points/items?limit=100&bbox=37.14127931946403294,-0.26471250000000313,37.45872068053596848,-0.03528749999999692 HTTP/1.1" 200 - "-" "Mozilla/5.0 QGIS/33200/Windows 10 Version 2009"
::1 - - [14/Sep/2024:15:56:31 +0000] "GET /collections/points/items?limit=100&bbox=37.14127931946403294%2C-0.26471250000000313%2C37.45872068053596848%2C-0.03528749999999692&offset=NaN HTTP/1.1" 400 - "-" "Mozilla/5.0 QGIS/33200/Windows 10 Version 2009"
::1 - - [14/Sep/2024:15:56:32 +0000] "GET /collections/points/items?limit=100&bbox=36.82383795839209739,-0.03528749999999692,37.14127931946403294,0.19413750000000929 HTTP/1.1" 200 - "-" "Mozilla/5.0 QGIS/33200/Windows 10 Version 2009"
::1 - - [14/Sep/2024:15:56:32 +0000] "GET /collections/points/items?limit=100&bbox=37.14127931946403294,-0.03528749999999692,37.45872068053596848,0.19413750000000929 HTTP/1.1" 200 - "-" "Mozilla/5.0 QGIS/33200/Windows 10 Version 2009"
::1 - - [14/Sep/2024:15:56:33 +0000] "GET /collections/points/items?limit=100&bbox=37.45872068053596848,-0.03528749999999692,37.77616204160790403,0.19413750000000929 HTTP/1.1" 200 - "-" "Mozilla/5.0 QGIS/33200/Windows 10 Version 2009"
::1 - - [14/Sep/2024:15:56:34 +0000] "GET /collections/points/items?limit=100&bbox=36.82383795839209739,-0.26471250000000313,37.14127931946403294,-0.03528749999999692 HTTP/1.1" 200 - "-" "Mozilla/5.0 QGIS/33200/Windows 10 Version 2009"
::1 - - [14/Sep/2024:15:56:34 +0000] "GET /collections/points/items?limit=100&bbox=37.45872068053596848,-0.26471250000000313,37.77616204160790403,-0.03528749999999692 HTTP/1.1" 200 - "-" "Mozilla/5.0 QGIS/33200/Windows 10 Version 2009"
::1 - - [14/Sep/2024:15:56:35 +0000] "GET /collections/points/items?limit=100&bbox=36.82383795839209739,-0.49413750000000933,37.14127931946403294,-0.26471250000000313 HTTP/1.1" 200 - "-" "Mozilla/5.0 QGIS/33200/Windows 10 Version 2009"
::1 - - [14/Sep/2024:15:56:39 +0000] "GET /collections/points/items?limit=100&bbox=37.14127931946403294,-0.49413750000000933,37.45872068053596848,-0.26471250000000313 HTTP/1.1" 200 - "-" "Mozilla/5.0 QGIS/33200/Windows 10 Version 2009"
::1 - - [14/Sep/2024:15:56:40 +0000] "GET /collections/points/items?limit=100&bbox=37.45872068053596848,-0.49413750000000933,37.77616204160790403,-0.26471250000000313 HTTP/1.1" 200 - "-" "Mozilla/5.0 QGIS/33200/Windows 10 Version 2009"
